<?xml version="1.0" encoding="UTF-8"?>
<testsuite xmlns:xsi="http://www.w3.org/2001/XMLSchema-instance" xsi:noNamespaceSchemaLocation="https://maven.apache.org/surefire/maven-surefire-plugin/xsd/surefire-test-report.xsd" version="3.0.2" name="com.skcode.spring_boot_docker.SpringBootDockerApplicationTests" time="3.133" tests="1" errors="0" skipped="0" failures="0">
  <properties>
[...]
</properties>
  <testcase name="contextLoads" classname="com.skcode.spring_boot_docker.SpringBootDockerApplicationTests" time="0.798">
    <system-out><![CDATA[18:58:22.832 [main] INFO org.springframework.test.context.support.AnnotationConfigContextLoaderUtils -- Could not detect default configuration classes for test class [com.skcode.spring_boot_docker.SpringBootDockerApplicationTests]: SpringBootDockerApplicationTests does not declare any static, non-private, non-final, nested classes annotated with @Configuration.
18:58:23.000 [main] INFO org.springframework.boot.test.context.SpringBootTestContextBootstrapper -- Found @SpringBootConfiguration com.skcode.spring_boot_docker.SpringBootDockerApplication for test class com.skcode.spring_boot_docker.SpringBootDockerApplicationTests
18:58:23.215 [main] INFO org.springframework.boot.devtools.restart.RestartApplicationListener -- Restart disabled due to context in which it is running

  .   ____          _            __ _ _
 /\\ / ___'_ __ _ _(_)_ __  __ _ \ \ \ \
( ( )\___ | '_ | '_| | '_ \/ _` | \ \ \ \
 \\/  ___)| |_)| | | | | || (_| |  ) ) ) )
  '  |____| .__|_| |_|_| |_\__, | / / / /
 =========|_|==============|___/=/_/_/_/

 :: Spring Boot ::                (v4.0.2)

2026-02-16T18:58:23.553+05:30  INFO 13124 --- [spring-boot-docker] [           main] c.s.s.SpringBootDockerApplicationTests   : Starting SpringBootDockerApplicationTests using Java 25.0.2 with PID 13124 (started by HP in c:\Users\HP\Documents\workspace\java-worksapce\springboot-worksapce-01\spring-boot-docker)
2026-02-16T18:58:23.556+05:30  INFO 13124 --- [spring-boot-docker] [           main] c.s.s.SpringBootDockerApplicationTests   : No active profile set, falling back to 1 default profile: "default"
2026-02-16T18:58:24.885+05:30  INFO 13124 --- [spring-boot-docker] [           main] c.s.s.SpringBootDockerApplicationTests   : Started SpringBootDockerApplicationTests in 1.684 seconds (process running for 3.232)
]]></system-out>
    <system-err><![CDATA[Mockito is currently self-attaching to enable the inline-mock-maker. This will no longer work in future releases of the JDK. Please add Mockito as an agent to your build as described in Mockito's documentation: https://javadoc.io/doc/org.mockito/mockito-core/latest/org.mockito/org/mockito/Mockito.html#0.3
WARNING: A Java agent has been loaded dynamically (C:\Users\HP\.m2\repository\net\bytebuddy\byte-buddy-agent\1.17.8\byte-buddy-agent-1.17.8.jar)
WARNING: If a serviceability tool is in use, please run with -XX:+EnableDynamicAgentLoading to hide this warning
WARNING: If a serviceability tool is not in use, please run with -Djdk.instrument.traceUsage for more information
WARNING: Dynamic loading of agents will be disallowed by default in a future release
]]></system-err>
  </testcase>
</testsuite>